2025-01-13 10:24:35 [INFO]: POST /api/patients/google
2025-01-13 10:24:36 [INFO]: GET /api/notification/67656da25e605e43c92d4fb2
2025-01-13 10:24:36 [INFO]: GET /api/notification/67656da25e605e43c92d4fb2
2025-01-13 10:24:36 [INFO]: GET /api/notification/67656da25e605e43c92d4fb2
2025-01-13 10:24:38 [INFO]: GET /api/notification/67656da25e605e43c92d4fb2
2025-01-13 10:24:38 [INFO]: GET /api/notification/67656da25e605e43c92d4fb2
2025-01-13 10:24:38 [INFO]: GET /api/patients/doctors?page=1&limit=10&search=&specialization=&gender=&experience=
2025-01-13 10:24:41 [INFO]: GET /api/notification/67656da25e605e43c92d4fb2
2025-01-13 10:24:41 [INFO]: GET /api/patients/doctors/timeSlots/6756e293514336528ca8e3a9
2025-01-13 10:24:41 [INFO]: GET /api/notification/67656da25e605e43c92d4fb2
2025-01-13 10:24:41 [INFO]: GET /api/patients/doctors/timeSlots/6756e293514336528ca8e3a9
2025-01-13 10:24:42 [INFO]: GET /api/patients/doctors/timeSlots/6756e293514336528ca8e3a9
2025-01-13 10:24:45 [INFO]: PUT /api/patients/appointments/lockTimeSlot
2025-01-13 10:24:45 [INFO]: GET /api/notification/67656da25e605e43c92d4fb2
2025-01-13 10:24:45 [INFO]: GET /api/patients/patient/67656da25e605e43c92d4fb2
2025-01-13 10:24:45 [INFO]: GET /api/notification/67656da25e605e43c92d4fb2
2025-01-13 10:24:45 [INFO]: GET /api/patients/patient/67656da25e605e43c92d4fb2
2025-01-13 10:24:53 [INFO]: POST /api/patients/appointments/patient
2025-01-13 10:24:53 [INFO]: GET /api/notification/67656da25e605e43c92d4fb2
2025-01-13 10:24:53 [INFO]: GET /api/patients/wallet/67656da25e605e43c92d4fb2
2025-01-13 10:24:53 [INFO]: GET /api/notification/67656da25e605e43c92d4fb2
2025-01-13 10:24:53 [INFO]: GET /api/patients/wallet/67656da25e605e43c92d4fb2
2025-01-13 10:24:59 [INFO]: POST /api/patients/payments/create-order
2025-01-13 10:25:00 [INFO]: POST /api/patients/payments/create-order
2025-01-13 10:25:20 [INFO]: POST /api/patients/payments/verify
2025-01-13 10:25:20 [INFO]: POST /api/patients/appointments/book
2025-01-13 10:25:21 [INFO]: GET /api/notification/67656da25e605e43c92d4fb2
2025-01-13 10:25:21 [INFO]: GET /api/notification/67656da25e605e43c92d4fb2
2025-01-13 10:25:29 [INFO]: GET /api/notification/67656da25e605e43c92d4fb2
2025-01-13 10:25:29 [INFO]: GET /api/patients/appointments/67656da25e605e43c92d4fb2
2025-01-13 10:25:29 [INFO]: GET /api/notification/67656da25e605e43c92d4fb2
2025-01-13 10:25:29 [INFO]: GET /api/patients/appointments/67656da25e605e43c92d4fb2
2025-01-13 10:41:35 [INFO]: GET /api/admin/payments
2025-01-13 10:41:35 [INFO]: GET /api/notification/6755139cbb339a450c37ecb8
2025-01-13 10:41:35 [INFO]: GET /api/admin/payments
2025-01-13 10:41:35 [INFO]: POST /api/token
2025-01-13 10:41:35 [INFO]: POST /api/token
2025-01-13 10:41:35 [INFO]: GET /api/notification/6755139cbb339a450c37ecb8
2025-01-13 10:41:38 [INFO]: GET /api/notification/6755139cbb339a450c37ecb8
2025-01-13 10:41:38 [INFO]: GET /api/admin/payments
2025-01-13 10:41:38 [INFO]: GET /api/admin/payments
2025-01-13 10:41:38 [INFO]: POST /api/token
2025-01-13 10:41:38 [INFO]: POST /api/token
2025-01-13 10:41:38 [INFO]: GET /api/notification/6755139cbb339a450c37ecb8
2025-01-13 10:41:41 [INFO]: GET /api/notification/6755139cbb339a450c37ecb8
2025-01-13 10:41:41 [INFO]: GET /api/admin/patients?page=1&limit=7&search=
2025-01-13 10:41:41 [INFO]: GET /api/admin/patients?page=1&limit=7&search=
2025-01-13 10:41:41 [INFO]: POST /api/token
2025-01-13 10:41:41 [INFO]: POST /api/token
2025-01-13 10:41:41 [INFO]: GET /api/notification/6755139cbb339a450c37ecb8
2025-01-13 10:42:01 [INFO]: GET /api/notification/6755139cbb339a450c37ecb8
2025-01-13 10:42:01 [INFO]: GET /api/admin/applications
2025-01-13 10:42:01 [INFO]: GET /api/admin/applications
2025-01-13 10:42:01 [INFO]: POST /api/token
2025-01-13 10:42:01 [INFO]: POST /api/token
2025-01-13 10:42:01 [INFO]: GET /api/notification/6755139cbb339a450c37ecb8
2025-01-13 10:42:10 [INFO]: POST /api/admin/signin
2025-01-13 10:42:10 [INFO]: GET /api/admin/dashboard/6755139cbb339a450c37ecb8?period=daily
2025-01-13 10:42:10 [INFO]: GET /api/admin/dashboard/6755139cbb339a450c37ecb8?period=daily
2025-01-13 10:42:10 [INFO]: GET /api/notification/6755139cbb339a450c37ecb8
2025-01-13 10:42:10 [INFO]: GET /api/notification/6755139cbb339a450c37ecb8
2025-01-13 10:42:13 [INFO]: GET /api/notification/6755139cbb339a450c37ecb8
2025-01-13 10:42:13 [INFO]: GET /api/admin/payments
2025-01-13 10:42:13 [INFO]: GET /api/notification/6755139cbb339a450c37ecb8
2025-01-13 10:42:13 [INFO]: GET /api/admin/payments
2025-01-13 10:42:58 [INFO]: GET /api/notification/6755139cbb339a450c37ecb8
2025-01-13 10:42:58 [INFO]: GET /api/admin/payments
2025-01-13 10:42:58 [INFO]: GET /api/notification/6755139cbb339a450c37ecb8
2025-01-13 10:42:59 [INFO]: GET /api/admin/payments
2025-01-13 10:48:06 [INFO]: GET /api/notification/6755139cbb339a450c37ecb8
2025-01-13 10:48:06 [INFO]: GET /api/admin/payments
2025-01-13 10:48:06 [INFO]: GET /api/notification/6755139cbb339a450c37ecb8
2025-01-13 10:48:07 [INFO]: GET /api/admin/payments
2025-01-13 10:51:02 [INFO]: GET /api/notification/6755139cbb339a450c37ecb8
2025-01-13 10:51:02 [INFO]: GET /api/admin/payments
2025-01-13 10:51:02 [INFO]: GET /api/notification/6755139cbb339a450c37ecb8
2025-01-13 10:51:03 [INFO]: GET /api/admin/payments
2025-01-13 10:52:37 [INFO]: GET /api/notification/6755139cbb339a450c37ecb8
2025-01-13 10:52:37 [INFO]: GET /api/admin/payments
2025-01-13 10:52:38 [INFO]: GET /api/notification/6755139cbb339a450c37ecb8
2025-01-13 10:52:38 [INFO]: GET /api/admin/payments
2025-01-13 10:58:28 [INFO]: POST /api/doctor/signin
2025-01-13 10:58:28 [INFO]: GET /api/notification/6756e293514336528ca8e3a9
2025-01-13 10:58:28 [INFO]: GET /api/doctor/dashboard/6756e293514336528ca8e3a9
2025-01-13 10:58:28 [INFO]: GET /api/notification/6756e293514336528ca8e3a9
2025-01-13 10:58:28 [INFO]: GET /api/doctor/dashboard/6756e293514336528ca8e3a9
